  SuperServer.cpp
c:\users\chris rodriguez\documents\visual studio 2015\projects\program 6\program 6\superserver.h(1): error C2143: syntax error: missing ';' before 'string'
c:\users\chris rodriguez\documents\visual studio 2015\projects\program 6\program 6\superserver.h(1): error C4430: missing type specifier - int assumed. Note: C++ does not support default-int
c:\users\chris rodriguez\documents\visual studio 2015\projects\program 6\program 6\superserver.h(11): warning C4067: unexpected tokens following preprocessor directive - expected a newline
c:\program files (x86)\microsoft visual studio 14.0\vc\include\iosfwd(21): error C4430: missing type specifier - int assumed. Note: C++ does not support default-int
c:\program files (x86)\microsoft visual studio 14.0\vc\include\iosfwd(21): error C2146: syntax error: missing ';' before identifier 'streamoff'
c:\program files (x86)\microsoft visual studio 14.0\vc\include\iosfwd(31): error C4430: missing type specifier - int assumed. Note: C++ does not support default-int
c:\program files (x86)\microsoft visual studio 14.0\vc\include\iosfwd(31): error C2373: 'std::streamoff': redefinition; different type modifiers
  c:\program files (x86)\microsoft visual studio 14.0\vc\include\iosfwd(21): note: see declaration of 'std::streamoff'
c:\program files (x86)\microsoft visual studio 14.0\vc\include\iosfwd(31): error C2146: syntax error: missing ';' before identifier '_BADOFF'
c:\program files (x86)\microsoft visual studio 14.0\vc\include\iosfwd(41): error C2061: syntax error: identifier 'streamoff'
  c:\program files (x86)\microsoft visual studio 14.0\vc\include\iosfwd(119): note: see reference to class template instantiation 'std::fpos<_Statetype>' being compiled
c:\program files (x86)\microsoft visual studio 14.0\vc\include\iosfwd(66): error C2833: 'operator streamoff' is not a recognized operator or type
c:\program files (x86)\microsoft visual studio 14.0\vc\include\iosfwd(66): error C2059: syntax error: 'newline'
c:\program files (x86)\microsoft visual studio 14.0\vc\include\iosfwd(67): error C2334: unexpected token(s) preceding '{'; skipping apparent function body
c:\program files (x86)\microsoft visual studio 14.0\vc\include\iosfwd(71): error C2143: syntax error: missing ';' before '-'
c:\program files (x86)\microsoft visual studio 14.0\vc\include\iosfwd(71): error C4430: missing type specifier - int assumed. Note: C++ does not support default-int
c:\program files (x86)\microsoft visual studio 14.0\vc\include\iosfwd(72): error C4430: missing type specifier - int assumed. Note: C++ does not support default-int
c:\program files (x86)\microsoft visual studio 14.0\vc\include\iosfwd(76): error C2061: syntax error: identifier 'streamoff'
c:\program files (x86)\microsoft visual studio 14.0\vc\include\iosfwd(77): error C2805: binary 'operator +=' has too few parameters
c:\program files (x86)\microsoft visual studio 14.0\vc\include\iosfwd(77): error C2333: 'std::fpos<_Statetype>::operator +=': error in function declaration; skipping function body
c:\program files (x86)\microsoft visual studio 14.0\vc\include\iosfwd(82): error C2061: syntax error: identifier 'streamoff'
c:\program files (x86)\microsoft visual studio 14.0\vc\include\iosfwd(83): error C2805: binary 'operator -=' has too few parameters
c:\program files (x86)\microsoft visual studio 14.0\vc\include\iosfwd(83): error C2333: 'std::fpos<_Statetype>::operator -=': error in function declaration; skipping function body
c:\program files (x86)\microsoft visual studio 14.0\vc\include\iosfwd(88): error C2061: syntax error: identifier 'streamoff'
c:\program files (x86)\microsoft visual studio 14.0\vc\include\iosfwd(94): error C2061: syntax error: identifier 'streamoff'
c:\program files (x86)\microsoft visual studio 14.0\vc\include\iosfwd(105): error C2061: syntax error: identifier 'streamoff'
c:\program files (x86)\microsoft visual studio 14.0\vc\include\iosfwd(106): error C2805: binary 'operator ==' has too few parameters
c:\program files (x86)\microsoft visual studio 14.0\vc\include\iosfwd(106): error C2333: 'std::fpos<_Statetype>::operator ==': error in function declaration; skipping function body
c:\program files (x86)\microsoft visual studio 14.0\vc\include\iosfwd(116): error C3646: '_Myoff': unknown override specifier
c:\program files (x86)\microsoft visual studio 14.0\vc\include\iosfwd(116): error C4430: missing type specifier - int assumed. Note: C++ does not support default-int
c:\program files (x86)\microsoft visual studio 14.0\vc\include\iosfwd(138): error C3646: 'off_type': unknown override specifier
  c:\program files (x86)\microsoft visual studio 14.0\vc\include\iosfwd(256): note: see reference to class template instantiation 'std::_Char_traits<_Elem,_Int_type>' being compiled
c:\program files (x86)\microsoft visual studio 14.0\vc\include\iosfwd(138): error C4430: missing type specifier - int assumed. Note: C++ does not support default-int
c:\program files (x86)\microsoft visual studio 14.0\vc\include\iosfwd(291): error C3646: 'off_type': unknown override specifier
c:\program files (x86)\microsoft visual studio 14.0\vc\include\iosfwd(291): error C4430: missing type specifier - int assumed. Note: C++ does not support default-int
c:\program files (x86)\microsoft visual studio 14.0\vc\include\iosfwd(399): error C3646: 'off_type': unknown override specifier
c:\program files (x86)\microsoft visual studio 14.0\vc\include\iosfwd(399): error C4430: missing type specifier - int assumed. Note: C++ does not support default-int
c:\program files (x86)\microsoft visual studio 14.0\vc\include\iosfwd(511): error C3646: 'off_type': unknown override specifier
c:\program files (x86)\microsoft visual studio 14.0\vc\include\iosfwd(511): error C4430: missing type specifier - int assumed. Note: C++ does not support default-int
c:\program files (x86)\microsoft visual studio 14.0\vc\include\xiosbase(209): error C3646: 'streamoff': unknown override specifier
c:\program files (x86)\microsoft visual studio 14.0\vc\include\xiosbase(209): error C2838: 'streamoff': illegal qualified name in member declaration
c:\program files (x86)\microsoft visual studio 14.0\vc\include\streambuf(85): error C2039: 'off_type': is not a member of 'std::char_traits<char>'
  c:\program files (x86)\microsoft visual studio 14.0\vc\include\iosfwd(506): note: see declaration of 'std::char_traits<char>'
  c:\program files (x86)\microsoft visual studio 14.0\vc\include\streambuf(473): note: see reference to class template instantiation 'std::basic_streambuf<char,std::char_traits<char>>' being compiled
c:\program files (x86)\microsoft visual studio 14.0\vc\include\streambuf(85): error C3646: 'off_type': unknown override specifier
c:\program files (x86)\microsoft visual studio 14.0\vc\include\streambuf(85): error C4430: missing type specifier - int assumed. Note: C++ does not support default-int
c:\program files (x86)\microsoft visual studio 14.0\vc\include\streambuf(85): error C2039: 'off_type': is not a member of 'std::char_traits<wchar_t>'
  c:\program files (x86)\microsoft visual studio 14.0\vc\include\iosfwd(286): note: see declaration of 'std::char_traits<wchar_t>'
  c:\program files (x86)\microsoft visual studio 14.0\vc\include\streambuf(474): note: see reference to class template instantiation 'std::basic_streambuf<wchar_t,std::char_traits<wchar_t>>' being compiled
c:\program files (x86)\microsoft visual studio 14.0\vc\include\ios(31): error C2039: 'off_type': is not a member of 'std::char_traits<char>'
  c:\program files (x86)\microsoft visual studio 14.0\vc\include\iosfwd(506): note: see declaration of 'std::char_traits<char>'
  c:\program files (x86)\microsoft visual studio 14.0\vc\include\ios(201): note: see reference to class template instantiation 'std::basic_ios<char,std::char_traits<char>>' being compiled
c:\program files (x86)\microsoft visual studio 14.0\vc\include\ios(31): error C3646: 'off_type': unknown override specifier
c:\program files (x86)\microsoft visual studio 14.0\vc\include\ios(31): error C4430: missing type specifier - int assumed. Note: C++ does not support default-int
c:\program files (x86)\microsoft visual studio 14.0\vc\include\ios(31): error C2039: 'off_type': is not a member of 'std::char_traits<wchar_t>'
  c:\program files (x86)\microsoft visual studio 14.0\vc\include\iosfwd(286): note: see declaration of 'std::char_traits<wchar_t>'
  c:\program files (x86)\microsoft visual studio 14.0\vc\include\ios(203): note: see reference to class template instantiation 'std::basic_ios<wchar_t,std::char_traits<wchar_t>>' being compiled
c:\program files (x86)\microsoft visual studio 14.0\vc\include\ostream(93): error C2039: 'off_type': is not a member of 'std::char_traits<char>'
  c:\program files (x86)\microsoft visual studio 14.0\vc\include\iosfwd(506): note: see declaration of 'std::char_traits<char>'
  c:\program files (x86)\microsoft visual studio 14.0\vc\include\ostream(677): note: see reference to class template instantiation 'std::basic_ostream<char,std::char_traits<char>>' being compiled
c:\program files (x86)\microsoft visual studio 14.0\vc\include\ostream(93): error C2039: 'off_type': is not a member of 'std::char_traits<wchar_t>'
  c:\program files (x86)\microsoft visual studio 14.0\vc\include\iosfwd(286): note: see declaration of 'std::char_traits<wchar_t>'
  c:\program files (x86)\microsoft visual studio 14.0\vc\include\ostream(679): note: see reference to class template instantiation 'std::basic_ostream<wchar_t,std::char_traits<wchar_t>>' being compiled
c:\program files (x86)\microsoft visual studio 14.0\vc\include\istream(86): error C2039: 'off_type': is not a member of 'std::char_traits<char>'
  c:\program files (x86)\microsoft visual studio 14.0\vc\include\iosfwd(506): note: see declaration of 'std::char_traits<char>'
  c:\program files (x86)\microsoft visual studio 14.0\vc\include\istream(923): note: see reference to class template instantiation 'std::basic_istream<char,std::char_traits<char>>' being compiled
c:\program files (x86)\microsoft visual studio 14.0\vc\include\istream(86): error C2039: 'off_type': is not a member of 'std::char_traits<wchar_t>'
  c:\program files (x86)\microsoft visual studio 14.0\vc\include\iosfwd(286): note: see declaration of 'std::char_traits<wchar_t>'
  c:\program files (x86)\microsoft visual studio 14.0\vc\include\istream(924): note: see reference to class template instantiation 'std::basic_istream<wchar_t,std::char_traits<wchar_t>>' being compiled
c:\program files (x86)\microsoft visual studio 14.0\vc\include\istream(949): error C2039: 'off_type': is not a member of 'std::char_traits<char>'
  c:\program files (x86)\microsoft visual studio 14.0\vc\include\iosfwd(506): note: see declaration of 'std::char_traits<char>'
  c:\program files (x86)\microsoft visual studio 14.0\vc\include\istream(992): note: see reference to class template instantiation 'std::basic_iostream<char,std::char_traits<char>>' being compiled
c:\program files (x86)\microsoft visual studio 14.0\vc\include\istream(949): error C2385: ambiguous access of 'off_type'
  c:\program files (x86)\microsoft visual studio 14.0\vc\include\istream(949): note: could be the 'off_type' in base 'std::basic_istream<char,std::char_traits<char> >'
  c:\program files (x86)\microsoft visual studio 14.0\vc\include\istream(949): note: or could be the 'off_type' in base 'std::basic_ostream<char,std::char_traits<char> >'
c:\program files (x86)\microsoft visual studio 14.0\vc\include\istream(949): error C2039: 'off_type': is not a member of 'std::char_traits<wchar_t>'
  c:\program files (x86)\microsoft visual studio 14.0\vc\include\iosfwd(286): note: see declaration of 'std::char_traits<wchar_t>'
  c:\program files (x86)\microsoft visual studio 14.0\vc\include\istream(993): note: see reference to class template instantiation 'std::basic_iostream<wchar_t,std::char_traits<wchar_t>>' being compiled
c:\users\chris rodriguez\documents\visual studio 2015\projects\program 6\program 6\superserver.h(14): error C2653: 'SuperServer': is not a class or namespace name
c:\users\chris rodriguez\documents\visual studio 2015\projects\program 6\program 6\superserver.h(15): error C2079: 'Server' uses undefined class 'SuperServer'
c:\users\chris rodriguez\documents\visual studio 2015\projects\program 6\program 6\superserver.h(16): error C2059: syntax error: 'private'
c:\users\chris rodriguez\documents\visual studio 2015\projects\program 6\program 6\superserver.h(32): error C2059: syntax error: '}'
c:\users\chris rodriguez\documents\visual studio 2015\projects\program 6\program 6\superserver.h(32): error C2143: syntax error: missing ';' before '}'
c:\users\chris rodriguez\documents\visual studio 2015\projects\program 6\program 6\superserver.cpp(20): error C2027: use of undefined type 'SuperServer'
  c:\users\chris rodriguez\documents\visual studio 2015\projects\program 6\program 6\superserver.h(14): note: see declaration of 'SuperServer'
c:\users\chris rodriguez\documents\visual studio 2015\projects\program 6\program 6\superserver.cpp(22): error C2131: expression did not evaluate to a constant
  c:\users\chris rodriguez\documents\visual studio 2015\projects\program 6\program 6\superserver.cpp(22): note: failure was caused by non-constant arguments or reference to a non-constant symbol
  c:\users\chris rodriguez\documents\visual studio 2015\projects\program 6\program 6\superserver.cpp(22): note: see usage of 'n'
c:\users\chris rodriguez\documents\visual studio 2015\projects\program 6\program 6\superserver.cpp(23): error C2065: 'name': undeclared identifier
c:\users\chris rodriguez\documents\visual studio 2015\projects\program 6\program 6\superserver.cpp(23): error C3861: 'recv': identifier not found
c:\users\chris rodriguez\documents\visual studio 2015\projects\program 6\program 6\superserver.cpp(27): error C2027: use of undefined type 'SuperServer'
  c:\users\chris rodriguez\documents\visual studio 2015\projects\program 6\program 6\superserver.h(14): note: see declaration of 'SuperServer'
c:\users\chris rodriguez\documents\visual studio 2015\projects\program 6\program 6\superserver.cpp(32): error C3861: 'send': identifier not found
c:\users\chris rodriguez\documents\visual studio 2015\projects\program 6\program 6\superserver.cpp(35): error C2027: use of undefined type 'SuperServer'
  c:\users\chris rodriguez\documents\visual studio 2015\projects\program 6\program 6\superserver.h(14): note: see declaration of 'SuperServer'
c:\users\chris rodriguez\documents\visual studio 2015\projects\program 6\program 6\superserver.cpp(50): error C3861: 'userExists': identifier not found
c:\users\chris rodriguez\documents\visual studio 2015\projects\program 6\program 6\superserver.cpp(52): error C3861: 'getUser': identifier not found
c:\users\chris rodriguez\documents\visual studio 2015\projects\program 6\program 6\superserver.cpp(52): error C2228: left of '.checkLogin' must have class/struct/union
  c:\users\chris rodriguez\documents\visual studio 2015\projects\program 6\program 6\superserver.cpp(52): note: type is 'unknown-type'
